<?xml version="1.0" encoding="utf-8"?><testsuites name="pytest tests"><testsuite name="pytest" errors="0" failures="0" skipped="0" tests="11" time="17.718" timestamp="2026-05-16T03:00:41.449381+00:00" hostname="agent-env-871a4272-0db5-4ceb-89b2-0cf1df128819"><testcase classname="backend.tests.test_midgetjr" name="test_unlock_wrong_password" time="0.560" /><testcase classname="backend.tests.test_midgetjr" name="test_unlock_correct_password" time="0.373" /><testcase classname="backend.tests.test_midgetjr" name="test_root" time="0.119" /><testcase classname="backend.tests.test_midgetjr" name="test_chat_basic" time="0.804" /><testcase classname="backend.tests.test_midgetjr" name="test_code_generation" time="0.988" /><testcase classname="backend.tests.test_midgetjr" name="test_import_requires_auth" time="0.144" /><testcase classname="backend.tests.test_midgetjr" name="test_import_and_query_and_chat_context" time="2.342" /><testcase classname="backend.tests.test_midgetjr" name="test_research" time="11.594" /><testcase classname="backend.tests.test_midgetjr" name="test_queue_auth_required_post" time="0.150" /><testcase classname="backend.tests.test_midgetjr" name="test_queue_auth_required_delete" time="0.098" /><testcase classname="backend.tests.test_midgetjr" name="test_queue_crud" time="0.451" /></testsuite></testsuites>